This is pdfTeX, Version 3.1415926-2.4-1.40.13 (TeX Live 2012/Arch Linux) (format=pdflatex 2012.8.10)  28 FEB 2013 16:02
entering extended mode
 restricted \write18 enabled.
 %&-line parsing enabled.
**phase1_report.tex
(./phase1_report.tex
LaTeX2e <2011/06/27>
Babel <v3.8m> and hyphenation patterns for english, dumylang, nohyphenation, ge
rman-x-2012-05-30, ngerman-x-2012-05-30, afrikaans, ancientgreek, ibycus, arabi
c, armenian, basque, bulgarian, catalan, pinyin, coptic, croatian, czech, danis
h, dutch, ukenglish, usenglishmax, esperanto, estonian, ethiopic, farsi, finnis
h, french, friulan, galician, german, ngerman, swissgerman, monogreek, greek, h
ungarian, icelandic, assamese, bengali, gujarati, hindi, kannada, malayalam, ma
rathi, oriya, panjabi, tamil, telugu, indonesian, interlingua, irish, italian, 
kurmanji, latin, latvian, lithuanian, mongolian, mongolianlmc, bokmal, nynorsk,
 polish, portuguese, romanian, romansh, russian, sanskrit, serbian, serbianc, s
lovak, slovenian, spanish, swedish, turkish, turkmen, ukrainian, uppersorbian, 
welsh, loaded.
(/usr/share/texmf-dist/tex/latex/base/article.cls
Document Class: article 2007/10/19 v1.4h Standard LaTeX document class
(/usr/share/texmf-dist/tex/latex/base/size10.clo
File: size10.clo 2007/10/19 v1.4h Standard LaTeX file (size option)
)
\c@part=\count79
\c@section=\count80
\c@subsection=\count81
\c@subsubsection=\count82
\c@paragraph=\count83
\c@subparagraph=\count84
\c@figure=\count85
\c@table=\count86
\abovecaptionskip=\skip41
\belowcaptionskip=\skip42
\bibindent=\dimen102
)
(/usr/share/texmf-dist/tex/latex/graphics/graphicx.sty
Package: graphicx 1999/02/16 v1.0f Enhanced LaTeX Graphics (DPC,SPQR)

(/usr/share/texmf-dist/tex/latex/graphics/keyval.sty
Package: keyval 1999/03/16 v1.13 key=value parser (DPC)
\KV@toks@=\toks14
)
(/usr/share/texmf-dist/tex/latex/graphics/graphics.sty
Package: graphics 2009/02/05 v1.0o Standard LaTeX Graphics (DPC,SPQR)

(/usr/share/texmf-dist/tex/latex/graphics/trig.sty
Package: trig 1999/03/16 v1.09 sin cos tan (DPC)
)
(/usr/share/texmf-dist/tex/latex/latexconfig/graphics.cfg
File: graphics.cfg 2010/04/23 v1.9 graphics configuration of TeX Live
)
Package graphics Info: Driver file: pdftex.def on input line 91.

(/usr/share/texmf-dist/tex/latex/pdftex-def/pdftex.def
File: pdftex.def 2011/05/27 v0.06d Graphics/color for pdfTeX

(/usr/share/texmf-dist/tex/generic/oberdiek/infwarerr.sty
Package: infwarerr 2010/04/08 v1.3 Providing info/warning/error messages (HO)
)
(/usr/share/texmf-dist/tex/generic/oberdiek/ltxcmds.sty
Package: ltxcmds 2011/11/09 v1.22 LaTeX kernel commands for general use (HO)
)
\Gread@gobject=\count87
))
\Gin@req@height=\dimen103
\Gin@req@width=\dimen104
)
(/usr/share/texmf-dist/tex/latex/float/float.sty
Package: float 2001/11/08 v1.3d Float enhancements (AL)
\c@float@type=\count88
\float@exts=\toks15
\float@box=\box26
\@float@everytoks=\toks16
\@floatcapt=\box27
)
(/usr/share/texmf-dist/tex/latex/cite/cite.sty
LaTeX Info: Redefining \cite on input line 302.
LaTeX Info: Redefining \nocite on input line 373.
Package: cite 2010/09/10  v 5.3
) (./phase1_report.aux)
\openout1 = `phase1_report.aux'.

LaTeX Font Info:    Checking defaults for OML/cmm/m/it on input line 18.
LaTeX Font Info:    ... okay on input line 18.
LaTeX Font Info:    Checking defaults for T1/cmr/m/n on input line 18.
LaTeX Font Info:    ... okay on input line 18.
LaTeX Font Info:    Checking defaults for OT1/cmr/m/n on input line 18.
LaTeX Font Info:    ... okay on input line 18.
LaTeX Font Info:    Checking defaults for OMS/cmsy/m/n on input line 18.
LaTeX Font Info:    ... okay on input line 18.
LaTeX Font Info:    Checking defaults for OMX/cmex/m/n on input line 18.
LaTeX Font Info:    ... okay on input line 18.
LaTeX Font Info:    Checking defaults for U/cmr/m/n on input line 18.
LaTeX Font Info:    ... okay on input line 18.

(/usr/share/texmf-dist/tex/context/base/supp-pdf.mkii
[Loading MPS to PDF converter (version 2006.09.02).]
\scratchcounter=\count89
\scratchdimen=\dimen105
\scratchbox=\box28
\nofMPsegments=\count90
\nofMParguments=\count91
\everyMPshowfont=\toks17
\MPscratchCnt=\count92
\MPscratchDim=\dimen106
\MPnumerator=\count93
\makeMPintoPDFobject=\count94
\everyMPtoPDFconversion=\toks18
) (/usr/share/texmf-dist/tex/generic/oberdiek/pdftexcmds.sty
Package: pdftexcmds 2011/11/29 v0.20 Utility functions of pdfTeX for LuaTeX (HO
)

(/usr/share/texmf-dist/tex/generic/oberdiek/ifluatex.sty
Package: ifluatex 2010/03/01 v1.3 Provides the ifluatex switch (HO)
Package ifluatex Info: LuaTeX not detected.
)
(/usr/share/texmf-dist/tex/generic/oberdiek/ifpdf.sty
Package: ifpdf 2011/01/30 v2.3 Provides the ifpdf switch (HO)
Package ifpdf Info: pdfTeX in PDF mode is detected.
)
Package pdftexcmds Info: LuaTeX not detected.
Package pdftexcmds Info: \pdf@primitive is available.
Package pdftexcmds Info: \pdf@ifprimitive is available.
Package pdftexcmds Info: \pdfdraftmode found.
)
(/usr/share/texmf-dist/tex/latex/oberdiek/epstopdf-base.sty
Package: epstopdf-base 2010/02/09 v2.5 Base part for package epstopdf

(/usr/share/texmf-dist/tex/latex/oberdiek/grfext.sty
Package: grfext 2010/08/19 v1.1 Manage graphics extensions (HO)

(/usr/share/texmf-dist/tex/generic/oberdiek/kvdefinekeys.sty
Package: kvdefinekeys 2011/04/07 v1.3 Define keys (HO)
))
(/usr/share/texmf-dist/tex/latex/oberdiek/kvoptions.sty
Package: kvoptions 2011/06/30 v3.11 Key value format for package options (HO)

(/usr/share/texmf-dist/tex/generic/oberdiek/kvsetkeys.sty
Package: kvsetkeys 2012/04/25 v1.16 Key value parser (HO)

(/usr/share/texmf-dist/tex/generic/oberdiek/etexcmds.sty
Package: etexcmds 2011/02/16 v1.5 Avoid name clashes with e-TeX commands (HO)
Package etexcmds Info: Could not find \expanded.
(etexcmds)             That can mean that you are not using pdfTeX 1.50 or
(etexcmds)             that some package has redefined \expanded.
(etexcmds)             In the latter case, load this package earlier.
)))
Package grfext Info: Graphics extension search list:
(grfext)             [.png,.pdf,.jpg,.mps,.jpeg,.jbig2,.jb2,.PNG,.PDF,.JPG,.JPE
G,.JBIG2,.JB2,.eps]
(grfext)             \AppendGraphicsExtensions on input line 452.

(/usr/share/texmf-dist/tex/latex/latexconfig/epstopdf-sys.cfg
File: epstopdf-sys.cfg 2010/07/13 v1.3 Configuration of (r)epstopdf for TeX Liv
e
))
LaTeX Font Info:    External font `cmex10' loaded for size
(Font)              <12> on input line 20.
LaTeX Font Info:    External font `cmex10' loaded for size
(Font)              <8> on input line 20.
LaTeX Font Info:    External font `cmex10' loaded for size
(Font)              <6> on input line 20.
LaTeX Font Info:    Try loading font information for OMS+cmr on input line 20.

(/usr/share/texmf-dist/tex/latex/base/omscmr.fd
File: omscmr.fd 1999/05/25 v2.5h Standard LaTeX font definitions
)
LaTeX Font Info:    Font shape `OMS/cmr/m/n' in size <12> not available
(Font)              Font shape `OMS/cmsy/m/n' tried instead on input line 20.

Overfull \hbox (16.93478pt too wide) in paragraph at lines 20--20
 [][] 
 []

[1

{/var/lib/texmf/fonts/map/pdftex/updmap/pdftex.map}] [2]
<images_fast_run/blake32.png, id=14, 642.4pt x 481.8pt>
File: images_fast_run/blake32.png Graphic file (type png)

<use images_fast_run/blake32.png>
Package pdftex.def Info: images_fast_run/blake32.png used on input line 72.
(pdftex.def)             Requested size: 321.19922pt x 240.8994pt.

<images_fast_run/blake256.png, id=15, 642.4pt x 481.8pt>
File: images_fast_run/blake256.png Graphic file (type png)

<use images_fast_run/blake256.png>
Package pdftex.def Info: images_fast_run/blake256.png used on input line 85.
(pdftex.def)             Requested size: 321.19922pt x 240.8994pt.
 [3 <./images_fast_run/blake32.png>]
<images_fast_run/blake64.png, id=21, 642.4pt x 481.8pt>
File: images_fast_run/blake64.png Graphic file (type png)

<use images_fast_run/blake64.png>
Package pdftex.def Info: images_fast_run/blake64.png used on input line 101.
(pdftex.def)             Requested size: 321.19922pt x 240.8994pt.
 [4 <./images_fast_run/blake256.png>]
<images_fast_run/blake512.png, id=26, 642.4pt x 481.8pt>
File: images_fast_run/blake512.png Graphic file (type png)

<use images_fast_run/blake512.png>
Package pdftex.def Info: images_fast_run/blake512.png used on input line 112.
(pdftex.def)             Requested size: 321.19922pt x 240.8994pt.
 [5 <./images_fast_run/blake64.png>]
Missing character: There is no â in font cmr10!
Missing character: There is no € in font cmr10!
Missing character: There is no “ in font cmr10!

<images/cubehash816.png, id=31, 642.4pt x 481.8pt>
File: images/cubehash816.png Graphic file (type png)

<use images/cubehash816.png>
Package pdftex.def Info: images/cubehash816.png used on input line 124.
(pdftex.def)             Requested size: 321.19922pt x 240.8994pt.
 [6 <./images_fast_run/blake512.png>]
<images/grostel256.png, id=36, 642.4pt x 481.8pt>
File: images/grostel256.png Graphic file (type png)
 <use images/grostel256.png>
Package pdftex.def Info: images/grostel256.png used on input line 137.
(pdftex.def)             Requested size: 321.19922pt x 240.8994pt.
Missing character: There is no Ã in font cmr10!
Missing character: There is no ¸ in font cmr10!

[7 <./images/cubehash816.png>] (./p1/jh.tex

LaTeX Warning: Citation `wu2008jh' on page 8 undefined on input line 12.

LaTeX Font Info:    External font `cmex10' loaded for size
(Font)              <7> on input line 15.
LaTeX Font Info:    External font `cmex10' loaded for size
(Font)              <5> on input line 15.
[8 <./images/grostel256.png>] <images/jh224.png, id=46, 642.4pt x 481.8pt>
File: images/jh224.png Graphic file (type png)

<use images/jh224.png>
Package pdftex.def Info: images/jh224.png used on input line 29.
(pdftex.def)             Requested size: 321.19922pt x 240.8994pt.


LaTeX Warning: Citation `wu2008jh' on page 9 undefined on input line 38.


Overfull \hbox (1.76106pt too wide) in paragraph at lines 34--39
\OT1/cmr/m/n/10 with \OT1/cmtt/m/n/10 gcc -mcpu=arm920t -O2 -fomit-frame-pointe
r \OT1/cmr/m/n/10 with GCC ver-sion 4.4.5.
 []


LaTeX Warning: Citation `wu2008jh' on page 9 undefined on input line 45.

<images/jh256.png, id=47, 642.4pt x 481.8pt>
File: images/jh256.png Graphic file (type png)
 <use images/jh256.png>
Package pdftex.def Info: images/jh256.png used on input line 59.
(pdftex.def)             Requested size: 321.19922pt x 240.8994pt.
 [9 <./images/jh224.png>] <images/jh384.png, id=53, 642.4pt x 481.8pt>
File: images/jh384.png Graphic file (type png)

<use images/jh384.png>
Package pdftex.def Info: images/jh384.png used on input line 84.
(pdftex.def)             Requested size: 321.19922pt x 240.8994pt.
 [10 <./images/jh256.png>]
<images/jh512.png, id=58, 642.4pt x 481.8pt>
File: images/jh512.png Graphic file (type png)
 <use images/jh512.png>
Package pdftex.def Info: images/jh512.png used on input line 96.
(pdftex.def)             Requested size: 321.19922pt x 240.8994pt.
 [11 <./images/jh384.png>]) (./p1/keccak.tex

LaTeX Warning: Citation `bertoni2009keccak' on page 12 undefined on input line 
4.


LaTeX Warning: Citation `bertoni2009keccak' on page 12 undefined on input line 
10.

[12 <./images/jh512.png>]

LaTeX Warning: Citation `bertoni2009keccak' on page 13 undefined on input line 
23.

<images/keccak.png, id=69, 642.4pt x 481.8pt>
File: images/keccak.png Graphic file (type png)
 <use images/keccak.png>
Package pdftex.def Info: images/keccak.png used on input line 28.
(pdftex.def)             Requested size: 321.19922pt x 240.8994pt.

<images/keccakc256.png, id=70, 642.4pt x 481.8pt>
File: images/keccakc256.png Graphic file (type png)
 <use images/keccakc256.png>
Package pdftex.def Info: images/keccakc256.png used on input line 46.
(pdftex.def)             Requested size: 321.19922pt x 240.8994pt.

[13 <./images/keccak.png>] <images/keccakc448.png, id=76, 642.4pt x 481.8pt>
File: images/keccakc448.png Graphic file (type png)

<use images/keccakc448.png>
Package pdftex.def Info: images/keccakc448.png used on input line 66.
(pdftex.def)             Requested size: 321.19922pt x 240.8994pt.
 [14 <./images/keccakc256.png>]
<images/keccakc512.png, id=81, 642.4pt x 481.8pt>
File: images/keccakc512.png Graphic file (type png)
 <use images/keccakc512.png>
Package pdftex.def Info: images/keccakc512.png used on input line 87.
(pdftex.def)             Requested size: 321.19922pt x 240.8994pt.

[15 <./images/keccakc448.png>]
<images/keccakc768.png, id=86, 642.4pt x 481.8pt>
File: images/keccakc768.png Graphic file (type png)
 <use images/keccakc768.png>
Package pdftex.def Info: images/keccakc768.png used on input line 108.
(pdftex.def)             Requested size: 321.19922pt x 240.8994pt.

[16 <./images/keccakc512.png>]
Overfull \hbox (1.81744pt too wide) in paragraph at lines 113--116
\OT1/cmr/m/n/10 com-piled with \OT1/cmtt/m/n/10 gcc -mcpu=strongarm1100 -O -fom
it-frame-pointer \OT1/cmr/m/n/10 on GCC
 []

<images/keccakc1024.png, id=91, 642.4pt x 481.8pt>
File: images/keccakc1024.png Graphic file (type png)

<use images/keccakc1024.png>
Package pdftex.def Info: images/keccakc1024.png used on input line 127.
(pdftex.def)             Requested size: 321.19922pt x 240.8994pt.
 [17 <./images/keccakc768.png>])
<images/mgrostl256.png, id=96, 642.4pt x 481.8pt>
File: images/mgrostl256.png Graphic file (type png)
 <use images/mgrostl256.png>
Package pdftex.def Info: images/mgrostl256.png used on input line 159.
(pdftex.def)             Requested size: 321.19922pt x 240.8994pt.

[18 <./images/keccakc1024.png>] <images/sha256.png, id=101, 642.4pt x 481.8pt>
File: images/sha256.png Graphic file (type png)

<use images/sha256.png>
Package pdftex.def Info: images/sha256.png used on input line 169.
(pdftex.def)             Requested size: 321.19922pt x 240.8994pt.
 [19 <./images/mgrostl256.png>]
<images/sha512.png, id=107, 642.4pt x 481.8pt>
File: images/sha512.png Graphic file (type png)
 <use images/sha512.png>
Package pdftex.def Info: images/sha512.png used on input line 180.
(pdftex.def)             Requested size: 321.19922pt x 240.8994pt.
 [20 <./images/sha256.png>] [21 <./images/sha512.png>]
<images/skein256256.png, id=116, 642.4pt x 481.8pt>
File: images/skein256256.png Graphic file (type png)

<use images/skein256256.png>
Package pdftex.def Info: images/skein256256.png used on input line 192.
(pdftex.def)             Requested size: 321.19922pt x 240.8994pt.

<images/skein512256.png, id=117, 642.4pt x 481.8pt>
File: images/skein512256.png Graphic file (type png)

<use images/skein512256.png>
Package pdftex.def Info: images/skein512256.png used on input line 203.
(pdftex.def)             Requested size: 321.19922pt x 240.8994pt.
 [22 <./images/skein256256.png>]
<images/skein512512.png, id=122, 642.4pt x 481.8pt>
File: images/skein512512.png Graphic file (type png)

<use images/skein512512.png>
Package pdftex.def Info: images/skein512512.png used on input line 214.
(pdftex.def)             Requested size: 321.19922pt x 240.8994pt.
 [23 <./images/skein512256.png>]
<images/skein10241024.png, id=127, 642.4pt x 481.8pt>
File: images/skein10241024.png Graphic file (type png)

<use images/skein10241024.png>
Package pdftex.def Info: images/skein10241024.png used on input line 224.
(pdftex.def)             Requested size: 321.19922pt x 240.8994pt.
 [24 <./images/skein512512.png>]
No file phase1_report.bbl.
[25 <./images/skein10241024.png>] (./phase1_report.aux)

LaTeX Warning: There were undefined references.

 ) 
Here is how much of TeX's memory you used:
 1790 strings out of 493488
 25882 string characters out of 3146892
 80077 words of memory out of 3000000
 5064 multiletter control sequences out of 15000+200000
 8063 words of font info for 29 fonts, out of 3000000 for 9000
 957 hyphenation exceptions out of 8191
 38i,7n,23p,1173b,278s stack positions out of 5000i,500n,10000p,200000b,50000s
</usr/share/texmf-dist/fonts/type1/public/amsfonts/cm/cmbx10.pfb></usr/share/
texmf-dist/fonts/type1/public/amsfonts/cm/cmbx12.pfb></usr/share/texmf-dist/fon
ts/type1/public/amsfonts/cm/cmmi10.pfb></usr/share/texmf-dist/fonts/type1/publi
c/amsfonts/cm/cmmi7.pfb></usr/share/texmf-dist/fonts/type1/public/amsfonts/cm/c
mr10.pfb></usr/share/texmf-dist/fonts/type1/public/amsfonts/cm/cmr12.pfb></usr/
share/texmf-dist/fonts/type1/public/amsfonts/cm/cmr17.pfb></usr/share/texmf-dis
t/fonts/type1/public/amsfonts/cm/cmsy10.pfb></usr/share/texmf-dist/fonts/type1/
public/amsfonts/cm/cmtt10.pfb>
Output written on phase1_report.pdf (25 pages, 258284 bytes).
PDF statistics:
 167 PDF objects out of 1000 (max. 8388607)
 84 compressed objects within 1 object stream
 0 named destinations out of 1000 (max. 500000)
 116 words of extra memory for PDF output out of 10000 (max. 10000000)

